2016-07-27 15:52:47,310-[ERROR] Caught IOException decoding 756 bytes of data
java.io.InvalidClassException: com.order.data.model.User; local class incompatible: stream classdesc serialVersionUID = -7936530915946129532, local class serialVersionUID = 5388959273978796017
	at java.io.ObjectStreamClass.initNonProxy(ObjectStreamClass.java:617)
	at java.io.ObjectInputStream.readNonProxyDesc(ObjectInputStream.java:1622)
	at java.io.ObjectInputStream.readClassDesc(ObjectInputStream.java:1517)
	at java.io.ObjectInputStream.readOrdinaryObject(ObjectInputStream.java:1771)
	at java.io.ObjectInputStream.readObject0(ObjectInputStream.java:1350)
	at java.io.ObjectInputStream.defaultReadFields(ObjectInputStream.java:1990)
	at java.io.ObjectInputStream.readSerialData(ObjectInputStream.java:1915)
	at java.io.ObjectInputStream.readOrdinaryObject(ObjectInputStream.java:1798)
	at java.io.ObjectInputStream.readObject0(ObjectInputStream.java:1350)
	at java.io.ObjectInputStream.readObject(ObjectInputStream.java:370)
	at net.rubyeye.xmemcached.transcoders.BaseSerializingTranscoder.deserialize(BaseSerializingTranscoder.java:112)
	at net.rubyeye.xmemcached.transcoders.SerializingTranscoder.decode0(SerializingTranscoder.java:98)
	at net.rubyeye.xmemcached.transcoders.SerializingTranscoder.decode(SerializingTranscoder.java:90)
	at net.rubyeye.xmemcached.XMemcachedClient.fetch0(XMemcachedClient.java:657)
	at net.rubyeye.xmemcached.XMemcachedClient.get0(XMemcachedClient.java:1058)
	at net.rubyeye.xmemcached.XMemcachedClient.get(XMemcachedClient.java:1016)
	at net.rubyeye.xmemcached.XMemcachedClient.get(XMemcachedClient.java:1027)
	at net.rubyeye.xmemcached.XMemcachedClient.get(XMemcachedClient.java:1049)
	at com.google.code.ssm.providers.xmemcached.MemcacheClientWrapper.get(MemcacheClientWrapper.java:133)
	at com.google.code.ssm.CacheImpl.get(CacheImpl.java:271)
	at com.google.code.ssm.CacheImpl.get(CacheImpl.java:106)
	at com.google.code.ssm.aop.SingleReadCacheAdvice.cache(SingleReadCacheAdvice.java:67)
	at com.google.code.ssm.aop.ReadThroughSingleCacheAdvice.cacheGetSingle(ReadThroughSingleCacheAdvice.java:53)
	at sun.reflect.NativeMethodAccessorImpl.invoke0(Native Method)
	at sun.reflect.NativeMethodAccessorImpl.invoke(NativeMethodAccessorImpl.java:57)
	at sun.reflect.DelegatingMethodAccessorImpl.invoke(DelegatingMethodAccessorImpl.java:43)
	at java.lang.reflect.Method.invoke(Method.java:606)
	at org.springframework.aop.aspectj.AbstractAspectJAdvice.invokeAdviceMethodWithGivenArgs(AbstractAspectJAdvice.java:621)
	at org.springframework.aop.aspectj.AbstractAspectJAdvice.invokeAdviceMethod(AbstractAspectJAdvice.java:610)
	at org.springframework.aop.aspectj.AspectJAroundAdvice.invoke(AspectJAroundAdvice.java:68)
	at org.springframework.aop.framework.ReflectiveMethodInvocation.proceed(ReflectiveMethodInvocation.java:168)
	at org.springframework.aop.interceptor.ExposeInvocationInterceptor.invoke(ExposeInvocationInterceptor.java:92)
	at org.springframework.aop.framework.ReflectiveMethodInvocation.proceed(ReflectiveMethodInvocation.java:179)
	at org.springframework.aop.framework.JdkDynamicAopProxy.invoke(JdkDynamicAopProxy.java:207)
	at com.sun.proxy.$Proxy28.getUserBykey(Unknown Source)
	at com.alibaba.dubbo.common.bytecode.Wrapper0.invokeMethod(Wrapper0.java)
	at com.alibaba.dubbo.rpc.proxy.javassist.JavassistProxyFactory$1.doInvoke(JavassistProxyFactory.java:46)
	at com.alibaba.dubbo.rpc.proxy.AbstractProxyInvoker.invoke(AbstractProxyInvoker.java:72)
	at com.alibaba.dubbo.rpc.protocol.InvokerWrapper.invoke(InvokerWrapper.java:53)
	at com.alibaba.dubbo.rpc.filter.ExceptionFilter.invoke(ExceptionFilter.java:64)
	at com.alibaba.dubbo.rpc.protocol.ProtocolFilterWrapper$1.invoke(ProtocolFilterWrapper.java:91)
	at com.alibaba.dubbo.rpc.filter.TimeoutFilter.invoke(TimeoutFilter.java:42)
	at com.alibaba.dubbo.rpc.protocol.ProtocolFilterWrapper$1.invoke(ProtocolFilterWrapper.java:91)
	at com.alibaba.dubbo.monitor.support.MonitorFilter.invoke(MonitorFilter.java:75)
	at com.alibaba.dubbo.rpc.protocol.ProtocolFilterWrapper$1.invoke(ProtocolFilterWrapper.java:91)
	at com.alibaba.dubbo.rpc.protocol.dubbo.filter.TraceFilter.invoke(TraceFilter.java:78)
	at com.alibaba.dubbo.rpc.protocol.ProtocolFilterWrapper$1.invoke(ProtocolFilterWrapper.java:91)
	at com.alibaba.dubbo.rpc.filter.ContextFilter.invoke(ContextFilter.java:60)
	at com.alibaba.dubbo.rpc.protocol.ProtocolFilterWrapper$1.invoke(ProtocolFilterWrapper.java:91)
	at com.alibaba.dubbo.rpc.filter.GenericFilter.invoke(GenericFilter.java:112)
	at com.alibaba.dubbo.rpc.protocol.ProtocolFilterWrapper$1.invoke(ProtocolFilterWrapper.java:91)
	at com.alibaba.dubbo.rpc.filter.ClassLoaderFilter.invoke(ClassLoaderFilter.java:38)
	at com.alibaba.dubbo.rpc.protocol.ProtocolFilterWrapper$1.invoke(ProtocolFilterWrapper.java:91)
	at com.alibaba.dubbo.rpc.filter.EchoFilter.invoke(EchoFilter.java:38)
	at com.alibaba.dubbo.rpc.protocol.ProtocolFilterWrapper$1.invoke(ProtocolFilterWrapper.java:91)
	at com.alibaba.dubbo.rpc.protocol.dubbo.DubboProtocol$1.reply(DubboProtocol.java:108)
	at com.alibaba.dubbo.remoting.exchange.support.header.HeaderExchangeHandler.handleRequest(HeaderExchangeHandler.java:84)
	at com.alibaba.dubbo.remoting.exchange.support.header.HeaderExchangeHandler.received(HeaderExchangeHandler.java:170)
	at com.alibaba.dubbo.remoting.transport.DecodeHandler.received(DecodeHandler.java:52)
	at com.alibaba.dubbo.remoting.transport.dispatcher.ChannelEventRunnable.run(ChannelEventRunnable.java:82)
	at java.util.concurrent.ThreadPoolExecutor.runWorker(ThreadPoolExecutor.java:1145)
	at java.util.concurrent.ThreadPoolExecutor$Worker.run(ThreadPoolExecutor.java:615)
	at java.lang.Thread.run(Thread.java:745)
